chr:	1	length:	248956422	24958061
chr:	10	length:	133797422	14203988
chr:	11	length:	135086622	14409297
chr:	12	length:	133275309	13701732
chr:	13	length:	114364328	8915399
chr:	14	length:	107043718	9359755
chr:	15	length:	101991189	9229439
chr:	16	length:	90338345	10002905
chr:	17	length:	83257441	10496088
chr:	18	length:	80373285	7680989
chr:	19	length:	58617616	8248885
chr:	2	length:	242193529	24131048
chr:	20	length:	64444167	7555261
chr:	21	length:	46709983	4106080
chr:	22	length:	50818468	5295096
chr:	3	length:	198295559	19283406
chr:	4	length:	190214555	17094350
chr:	5	length:	181538259	17406823
chr:	6	length:	170805979	16504399
chr:	7	length:	159345973	16246103
chr:	8	length:	145138636	14385836
chr:	9	length:	138394717	12876965
chr:	MT	length:	16569	2194
chr:	X	length:	156040895	14972562
chr:	Y	length:	57227415	2225613
chr:	KI270728.1	length:	1872759	165816
chr:	KI270727.1	length:	448248	42070
chr:	KI270442.1	length:	392061	35780
chr:	KI270729.1	length:	280839	27077
chr:	GL000225.1	length:	211173	27619
chr:	KI270743.1	length:	210658	23510
chr:	GL000008.2	length:	209709	21001
chr:	GL000009.2	length:	201709	20039
chr:	KI270747.1	length:	198735	14041
chr:	KI270722.1	length:	194050	18750
chr:	GL000194.1	length:	191469	23095
chr:	KI270742.1	length:	186739	17471
chr:	GL000205.2	length:	185591	19068
chr:	GL000195.1	length:	182896	18371
chr:	KI270736.1	length:	181920	23701
chr:	KI270733.1	length:	179772	23980
chr:	GL000224.1	length:	179693	19391
chr:	GL000219.1	length:	179198	17002
chr:	KI270719.1	length:	176845	16415
chr:	GL000216.2	length:	176608	21877
chr:	KI270712.1	length:	176043	22814
chr:	KI270706.1	length:	175055	19449
chr:	KI270725.1	length:	172810	15597
chr:	KI270744.1	length:	168472	18597
chr:	KI270734.1	length:	165050	24606
chr:	GL000213.1	length:	164239	17013
chr:	GL000220.1	length:	161802	22311
chr:	KI270715.1	length:	161471	10323
chr:	GL000218.1	length:	161147	17763
chr:	KI270749.1	length:	158759	13763
chr:	KI270741.1	length:	157432	16010
chr:	GL000221.1	length:	155397	14159
chr:	KI270716.1	length:	153799	10001
chr:	KI270731.1	length:	150754	21046
chr:	KI270751.1	length:	150742	13672
chr:	KI270750.1	length:	148850	15187
chr:	KI270519.1	length:	138126	8082
chr:	GL000214.1	length:	137718	14982
chr:	KI270708.1	length:	127682	12786
chr:	KI270730.1	length:	112551	13060
chr:	KI270438.1	length:	112505	8877
chr:	KI270737.1	length:	103838	9200
chr:	KI270721.1	length:	100316	23722
chr:	KI270738.1	length:	99375	7295
chr:	KI270748.1	length:	93321	11156
chr:	KI270435.1	length:	92983	5727
chr:	GL000208.1	length:	92689	5904
chr:	KI270538.1	length:	91309	3670
chr:	KI270756.1	length:	79590	9632
chr:	KI270739.1	length:	73985	4262
chr:	KI270757.1	length:	71251	3770
chr:	KI270709.1	length:	66860	5549
chr:	KI270746.1	length:	66486	4884
chr:	KI270753.1	length:	62944	6771
chr:	KI270589.1	length:	44474	2322
chr:	KI270726.1	length:	43739	4707
chr:	KI270735.1	length:	42811	3559
chr:	KI270711.1	length:	42210	4495
chr:	KI270745.1	length:	41891	5756
chr:	KI270714.1	length:	41717	7549
chr:	KI270732.1	length:	41543	3528
chr:	KI270713.1	length:	40745	5634
chr:	KI270754.1	length:	40191	6873
chr:	KI270710.1	length:	40176	3060
chr:	KI270717.1	length:	40062	4093
chr:	KI270724.1	length:	39555	4875
chr:	KI270720.1	length:	39050	3388
chr:	KI270723.1	length:	38115	4750
chr:	KI270718.1	length:	38054	3424
chr:	KI270317.1	length:	37690	200
chr:	KI270740.1	length:	37240	2827
chr:	KI270755.1	length:	36723	3338
chr:	KI270707.1	length:	32032	3417
chr:	KI270579.1	length:	31033	1635
chr:	KI270752.1	length:	27745	2872
chr:	KI270512.1	length:	22689	1711
chr:	KI270322.1	length:	21476	501
chr:	GL000226.1	length:	15008	909
chr:	KI270311.1	length:	12399	169
chr:	KI270366.1	length:	8320	409
chr:	KI270511.1	length:	8127	407
chr:	KI270448.1	length:	7992	492
chr:	KI270521.1	length:	7642	584
chr:	KI270581.1	length:	7046	672
chr:	KI270582.1	length:	6504	602
chr:	KI270515.1	length:	6361	303
chr:	KI270588.1	length:	6158	316
chr:	KI270591.1	length:	5796	387
chr:	KI270522.1	length:	5674	325
chr:	KI270507.1	length:	5353	276
chr:	KI270590.1	length:	4685	239
chr:	KI270584.1	length:	4513	233
chr:	KI270320.1	length:	4416	360
chr:	KI270382.1	length:	4215	249
chr:	KI270468.1	length:	4055	234
chr:	KI270467.1	length:	3920	169
chr:	KI270362.1	length:	3530	183
chr:	KI270517.1	length:	3253	148
chr:	KI270593.1	length:	3041	158
chr:	KI270528.1	length:	2983	226
chr:	KI270587.1	length:	2969	166
chr:	KI270364.1	length:	2855	148
chr:	KI270371.1	length:	2805	144
chr:	KI270333.1	length:	2699	106
chr:	KI270374.1	length:	2656	145
chr:	KI270411.1	length:	2646	125
chr:	KI270414.1	length:	2489	134
chr:	KI270510.1	length:	2415	127
chr:	KI270390.1	length:	2387	141
chr:	KI270375.1	length:	2378	115
chr:	KI270420.1	length:	2321	171
chr:	KI270509.1	length:	2318	115
chr:	KI270315.1	length:	2276	120
chr:	KI270302.1	length:	2274	178
chr:	KI270518.1	length:	2186	125
chr:	KI270530.1	length:	2168	122
chr:	KI270304.1	length:	2165	120
chr:	KI270418.1	length:	2145	146
chr:	KI270424.1	length:	2140	107
chr:	KI270417.1	length:	2043	94
chr:	KI270508.1	length:	1951	186
chr:	KI270303.1	length:	1942	112
chr:	KI270381.1	length:	1930	116
chr:	KI270529.1	length:	1899	148
chr:	KI270425.1	length:	1884	122
chr:	KI270396.1	length:	1880	118
chr:	KI270363.1	length:	1803	143
chr:	KI270386.1	length:	1788	107
chr:	KI270465.1	length:	1774	103
chr:	KI270383.1	length:	1750	110
chr:	KI270384.1	length:	1658	92
chr:	KI270330.1	length:	1652	239
chr:	KI270372.1	length:	1650	81
chr:	KI270548.1	length:	1599	92
chr:	KI270580.1	length:	1553	136
chr:	KI270387.1	length:	1537	79
chr:	KI270391.1	length:	1484	84
chr:	KI270305.1	length:	1472	120
chr:	KI270373.1	length:	1451	108
chr:	KI270422.1	length:	1445	98
chr:	KI270316.1	length:	1444	81
chr:	KI270340.1	length:	1428	81
chr:	KI270338.1	length:	1428	94
chr:	KI270583.1	length:	1400	110
chr:	KI270334.1	length:	1368	88
chr:	KI270429.1	length:	1361	84
chr:	KI270393.1	length:	1308	73
chr:	KI270516.1	length:	1300	75
chr:	KI270389.1	length:	1298	80
chr:	KI270466.1	length:	1233	43
chr:	KI270388.1	length:	1216	62
chr:	KI270544.1	length:	1202	81
chr:	KI270310.1	length:	1201	69
chr:	KI270412.1	length:	1179	63
chr:	KI270395.1	length:	1143	58
chr:	KI270376.1	length:	1136	60
chr:	KI270337.1	length:	1121	49
chr:	KI270335.1	length:	1048	66
chr:	KI270378.1	length:	1048	69
chr:	KI270379.1	length:	1045	91
chr:	KI270329.1	length:	1040	62
chr:	KI270419.1	length:	1029	60
chr:	KI270336.1	length:	1026	43
chr:	KI270312.1	length:	998	53
chr:	KI270539.1	length:	993	417
chr:	KI270385.1	length:	990	56
chr:	KI270423.1	length:	981	59
chr:	KI270392.1	length:	971	50
chr:	KI270394.1	length:	970	56
[[1mGet all gRNA[0m][[1;37mINFO[0m]  finished in 350.50 min, processed 194 chromosomes, found 304419742 gRNAs 
[[1mmap_gRNA[0m][[1;37mINFO[0m]  bin_size=25kb, finished in 8.10 min, processed 25 chromosomes, 303292088 gRNAs 
processing chr 1 with 24958058 gRNAs
--processed chr 1 part 0 with 200000 gRNAs
--processed chr 1 part 1 with 200000 gRNAs
--processed chr 1 part 2 with 200000 gRNAs
--processed chr 1 part 3 with 200000 gRNAs
--processed chr 1 part 4 with 200000 gRNAs
--processed chr 1 part 5 with 200000 gRNAs
--processed chr 1 part 6 with 200000 gRNAs
--processed chr 1 part 7 with 200000 gRNAs
--processed chr 1 part 8 with 200000 gRNAs
--processed chr 1 part 9 with 200000 gRNAs
--processed chr 1 part 10 with 200000 gRNAs
--processed chr 1 part 11 with 200000 gRNAs
--processed chr 1 part 12 with 200000 gRNAs
--processed chr 1 part 13 with 200000 gRNAs
--processed chr 1 part 14 with 200000 gRNAs
--processed chr 1 part 15 with 200000 gRNAs
--processed chr 1 part 16 with 200000 gRNAs
--processed chr 1 part 17 with 200000 gRNAs
--processed chr 1 part 18 with 200000 gRNAs
--processed chr 1 part 19 with 200000 gRNAs
--processed chr 1 part 20 with 200000 gRNAs
--processed chr 1 part 21 with 200000 gRNAs
--processed chr 1 part 22 with 200000 gRNAs
--processed chr 1 part 23 with 200000 gRNAs
--processed chr 1 part 24 with 200000 gRNAs
--processed chr 1 part 25 with 200000 gRNAs
--processed chr 1 part 26 with 200000 gRNAs
--processed chr 1 part 27 with 200000 gRNAs
--processed chr 1 part 28 with 200000 gRNAs
--processed chr 1 part 29 with 200000 gRNAs
--processed chr 1 part 30 with 200000 gRNAs
--processed chr 1 part 31 with 200000 gRNAs
--processed chr 1 part 32 with 200000 gRNAs
--processed chr 1 part 33 with 200000 gRNAs
--processed chr 1 part 34 with 200000 gRNAs
--processed chr 1 part 35 with 200000 gRNAs
--processed chr 1 part 36 with 200000 gRNAs
--processed chr 1 part 37 with 200000 gRNAs
--processed chr 1 part 38 with 200000 gRNAs
--processed chr 1 part 39 with 200000 gRNAs
--processed chr 1 part 40 with 200000 gRNAs
--processed chr 1 part 41 with 200000 gRNAs
--processed chr 1 part 42 with 200000 gRNAs
--processed chr 1 part 43 with 200000 gRNAs
--processed chr 1 part 44 with 200000 gRNAs
--processed chr 1 part 45 with 200000 gRNAs
--processed chr 1 part 46 with 200000 gRNAs
--processed chr 1 part 47 with 200000 gRNAs
--processed chr 1 part 48 with 200000 gRNAs
--processed chr 1 part 49 with 200000 gRNAs
--processed chr 1 part 50 with 200000 gRNAs
--processed chr 1 part 51 with 200000 gRNAs
--processed chr 1 part 52 with 200000 gRNAs
--processed chr 1 part 53 with 200000 gRNAs
--processed chr 1 part 54 with 200000 gRNAs
--processed chr 1 part 55 with 200000 gRNAs
--processed chr 1 part 56 with 200000 gRNAs
--processed chr 1 part 57 with 200000 gRNAs
--processed chr 1 part 58 with 200000 gRNAs
--processed chr 1 part 59 with 200000 gRNAs
--processed chr 1 part 60 with 200000 gRNAs
--processed chr 1 part 61 with 200000 gRNAs
--processed chr 1 part 62 with 200000 gRNAs
--processed chr 1 part 63 with 200000 gRNAs
--processed chr 1 part 64 with 200000 gRNAs
--processed chr 1 part 65 with 200000 gRNAs
--processed chr 1 part 66 with 200000 gRNAs
--processed chr 1 part 67 with 200000 gRNAs
--processed chr 1 part 68 with 200000 gRNAs
--processed chr 1 part 69 with 200000 gRNAs
--processed chr 1 part 70 with 200000 gRNAs
--processed chr 1 part 71 with 200000 gRNAs
--processed chr 1 part 72 with 200000 gRNAs
--processed chr 1 part 73 with 200000 gRNAs
--processed chr 1 part 74 with 200000 gRNAs
--processed chr 1 part 75 with 200000 gRNAs
--processed chr 1 part 76 with 200000 gRNAs
--processed chr 1 part 77 with 200000 gRNAs
--processed chr 1 part 78 with 200000 gRNAs
--processed chr 1 part 79 with 200000 gRNAs
--processed chr 1 part 80 with 200000 gRNAs
--processed chr 1 part 81 with 200000 gRNAs
--processed chr 1 part 82 with 200000 gRNAs
--processed chr 1 part 83 with 200000 gRNAs
--processed chr 1 part 84 with 200000 gRNAs
--processed chr 1 part 85 with 200000 gRNAs
--processed chr 1 part 86 with 200000 gRNAs
--processed chr 1 part 87 with 200000 gRNAs
--processed chr 1 part 88 with 200000 gRNAs
--processed chr 1 part 89 with 200000 gRNAs
--processed chr 1 part 90 with 200000 gRNAs
--processed chr 1 part 91 with 200000 gRNAs
--processed chr 1 part 92 with 200000 gRNAs
--processed chr 1 part 93 with 200000 gRNAs
--processed chr 1 part 94 with 200000 gRNAs
--processed chr 1 part 95 with 200000 gRNAs
--processed chr 1 part 96 with 200000 gRNAs
--processed chr 1 part 97 with 200000 gRNAs
--processed chr 1 part 98 with 200000 gRNAs
--processed chr 1 part 99 with 200000 gRNAs
--processed chr 1 part 100 with 200000 gRNAs
--processed chr 1 part 101 with 200000 gRNAs
--processed chr 1 part 102 with 200000 gRNAs
--processed chr 1 part 103 with 200000 gRNAs
--processed chr 1 part 104 with 200000 gRNAs
--processed chr 1 part 105 with 200000 gRNAs
--processed chr 1 part 106 with 200000 gRNAs
--processed chr 1 part 107 with 200000 gRNAs
--processed chr 1 part 108 with 200000 gRNAs
--processed chr 1 part 109 with 200000 gRNAs
--processed chr 1 part 110 with 200000 gRNAs
--processed chr 1 part 111 with 200000 gRNAs
--processed chr 1 part 112 with 200000 gRNAs
--processed chr 1 part 113 with 200000 gRNAs
--processed chr 1 part 114 with 200000 gRNAs
--processed chr 1 part 115 with 200000 gRNAs
--processed chr 1 part 116 with 200000 gRNAs
--processed chr 1 part 117 with 200000 gRNAs
--processed chr 1 part 118 with 200000 gRNAs
--processed chr 1 part 119 with 200000 gRNAs
--processed chr 1 part 120 with 200000 gRNAs
--processed chr 1 part 121 with 200000 gRNAs
--processed chr 1 part 122 with 200000 gRNAs
--processed chr 1 part 123 with 200000 gRNAs
--processed chr 1 part 124 with 158058 gRNAs
processing chr 10 with 14203970 gRNAs
--processed chr 10 part 0 with 200000 gRNAs
--processed chr 10 part 1 with 200000 gRNAs
--processed chr 10 part 2 with 200000 gRNAs
--processed chr 10 part 3 with 200000 gRNAs
--processed chr 10 part 4 with 200000 gRNAs
--processed chr 10 part 5 with 200000 gRNAs
--processed chr 10 part 6 with 200000 gRNAs
--processed chr 10 part 7 with 200000 gRNAs
--processed chr 10 part 8 with 200000 gRNAs
--processed chr 10 part 9 with 200000 gRNAs
--processed chr 10 part 10 with 200000 gRNAs
--processed chr 10 part 11 with 200000 gRNAs
--processed chr 10 part 12 with 200000 gRNAs
--processed chr 10 part 13 with 200000 gRNAs
--processed chr 10 part 14 with 200000 gRNAs
--processed chr 10 part 15 with 200000 gRNAs
--processed chr 10 part 16 with 200000 gRNAs
--processed chr 10 part 17 with 200000 gRNAs
--processed chr 10 part 18 with 200000 gRNAs
--processed chr 10 part 19 with 200000 gRNAs
--processed chr 10 part 20 with 200000 gRNAs
--processed chr 10 part 21 with 200000 gRNAs
--processed chr 10 part 22 with 200000 gRNAs
--processed chr 10 part 23 with 200000 gRNAs
--processed chr 10 part 24 with 200000 gRNAs
--processed chr 10 part 25 with 200000 gRNAs
--processed chr 10 part 26 with 200000 gRNAs
--processed chr 10 part 27 with 200000 gRNAs
--processed chr 10 part 28 with 200000 gRNAs
--processed chr 10 part 29 with 200000 gRNAs
--processed chr 10 part 30 with 200000 gRNAs
--processed chr 10 part 31 with 200000 gRNAs
--processed chr 10 part 32 with 200000 gRNAs
--processed chr 10 part 33 with 200000 gRNAs
--processed chr 10 part 34 with 200000 gRNAs
--processed chr 10 part 35 with 200000 gRNAs
--processed chr 10 part 36 with 200000 gRNAs
--processed chr 10 part 37 with 200000 gRNAs
--processed chr 10 part 38 with 200000 gRNAs
--processed chr 10 part 39 with 200000 gRNAs
--processed chr 10 part 40 with 200000 gRNAs
--processed chr 10 part 41 with 200000 gRNAs
--processed chr 10 part 42 with 200000 gRNAs
--processed chr 10 part 43 with 200000 gRNAs
--processed chr 10 part 44 with 200000 gRNAs
--processed chr 10 part 45 with 200000 gRNAs
--processed chr 10 part 46 with 200000 gRNAs
--processed chr 10 part 47 with 200000 gRNAs
--processed chr 10 part 48 with 200000 gRNAs
--processed chr 10 part 49 with 200000 gRNAs
--processed chr 10 part 50 with 200000 gRNAs
--processed chr 10 part 51 with 200000 gRNAs
--processed chr 10 part 52 with 200000 gRNAs
--processed chr 10 part 53 with 200000 gRNAs
--processed chr 10 part 54 with 200000 gRNAs
--processed chr 10 part 55 with 200000 gRNAs
--processed chr 10 part 56 with 200000 gRNAs
--processed chr 10 part 57 with 200000 gRNAs
[[1mmap_gRNA[0m][[1;37mINFO[0m]  bin_size=50kb, finished in 8.05 min, processed 25 chromosomes, 303292088 gRNAs 
[[1mmap_gRNA[0m][[1;37mINFO[0m]  bin_size=100kb, finished in 8.07 min, processed 25 chromosomes, 303292088 gRNAs 
--processed chr 10 part 58 with 200000 gRNAs
--processed chr 10 part 59 with 200000 gRNAs
--processed chr 10 part 60 with 200000 gRNAs
--processed chr 10 part 61 with 200000 gRNAs
--processed chr 10 part 62 with 200000 gRNAs
--processed chr 10 part 63 with 200000 gRNAs
--processed chr 10 part 64 with 200000 gRNAs
--processed chr 10 part 65 with 200000 gRNAs
--processed chr 10 part 66 with 200000 gRNAs
--processed chr 10 part 67 with 200000 gRNAs
--processed chr 10 part 68 with 200000 gRNAs
--processed chr 10 part 69 with 200000 gRNAs
--processed chr 10 part 70 with 200000 gRNAs
--processed chr 10 part 71 with 3970 gRNAs
processing chr 11 with 14409297 gRNAs
--processed chr 11 part 0 with 200000 gRNAs
--processed chr 11 part 1 with 200000 gRNAs
--processed chr 11 part 2 with 200000 gRNAs
--processed chr 11 part 3 with 200000 gRNAs
--processed chr 11 part 4 with 200000 gRNAs
--processed chr 11 part 5 with 200000 gRNAs
--processed chr 11 part 6 with 200000 gRNAs
--processed chr 11 part 7 with 200000 gRNAs
--processed chr 11 part 8 with 200000 gRNAs
--processed chr 11 part 9 with 200000 gRNAs
--processed chr 11 part 10 with 200000 gRNAs
--processed chr 11 part 11 with 200000 gRNAs
--processed chr 11 part 12 with 200000 gRNAs
--processed chr 11 part 13 with 200000 gRNAs
--processed chr 11 part 14 with 200000 gRNAs
--processed chr 11 part 15 with 200000 gRNAs
--processed chr 11 part 16 with 200000 gRNAs
--processed chr 11 part 17 with 200000 gRNAs
--processed chr 11 part 18 with 200000 gRNAs
--processed chr 11 part 19 with 200000 gRNAs
--processed chr 11 part 20 with 200000 gRNAs
--processed chr 11 part 21 with 200000 gRNAs
--processed chr 11 part 22 with 200000 gRNAs
--processed chr 11 part 23 with 200000 gRNAs
--processed chr 11 part 24 with 200000 gRNAs
--processed chr 11 part 25 with 200000 gRNAs
--processed chr 11 part 26 with 200000 gRNAs
--processed chr 11 part 27 with 200000 gRNAs
--processed chr 11 part 28 with 200000 gRNAs
--processed chr 11 part 29 with 200000 gRNAs
--processed chr 11 part 30 with 200000 gRNAs
--processed chr 11 part 31 with 200000 gRNAs
--processed chr 11 part 32 with 200000 gRNAs
--processed chr 11 part 33 with 200000 gRNAs
--processed chr 11 part 34 with 200000 gRNAs
--processed chr 11 part 35 with 200000 gRNAs
--processed chr 11 part 36 with 200000 gRNAs
--processed chr 11 part 37 with 200000 gRNAs
--processed chr 11 part 38 with 200000 gRNAs
--processed chr 11 part 39 with 200000 gRNAs
--processed chr 11 part 40 with 200000 gRNAs
--processed chr 11 part 41 with 200000 gRNAs
--processed chr 11 part 42 with 200000 gRNAs
--processed chr 11 part 43 with 200000 gRNAs
--processed chr 11 part 44 with 200000 gRNAs
--processed chr 11 part 45 with 200000 gRNAs
--processed chr 11 part 46 with 200000 gRNAs
--processed chr 11 part 47 with 200000 gRNAs
--processed chr 11 part 48 with 200000 gRNAs
--processed chr 11 part 49 with 200000 gRNAs
--processed chr 11 part 50 with 200000 gRNAs
--processed chr 11 part 51 with 200000 gRNAs
--processed chr 11 part 52 with 200000 gRNAs
--processed chr 11 part 53 with 200000 gRNAs
--processed chr 11 part 54 with 200000 gRNAs
--processed chr 11 part 55 with 200000 gRNAs
--processed chr 11 part 56 with 200000 gRNAs
--processed chr 11 part 57 with 200000 gRNAs
--processed chr 11 part 58 with 200000 gRNAs
--processed chr 11 part 59 with 200000 gRNAs
--processed chr 11 part 60 with 200000 gRNAs
--processed chr 11 part 61 with 200000 gRNAs
--processed chr 11 part 62 with 200000 gRNAs
--processed chr 11 part 63 with 200000 gRNAs
--processed chr 11 part 64 with 200000 gRNAs
--processed chr 11 part 65 with 200000 gRNAs
--processed chr 11 part 66 with 200000 gRNAs
--processed chr 11 part 67 with 200000 gRNAs
--processed chr 11 part 68 with 200000 gRNAs
--processed chr 11 part 69 with 200000 gRNAs
--processed chr 11 part 70 with 200000 gRNAs
--processed chr 11 part 71 with 200000 gRNAs
--processed chr 11 part 72 with 9297 gRNAs
processing chr 12 with 13701730 gRNAs
--processed chr 12 part 0 with 200000 gRNAs
--processed chr 12 part 1 with 200000 gRNAs
--processed chr 12 part 2 with 200000 gRNAs
--processed chr 12 part 3 with 200000 gRNAs
--processed chr 12 part 4 with 200000 gRNAs
--processed chr 12 part 5 with 200000 gRNAs
--processed chr 12 part 6 with 200000 gRNAs
--processed chr 12 part 7 with 200000 gRNAs
--processed chr 12 part 8 with 200000 gRNAs
--processed chr 12 part 9 with 200000 gRNAs
--processed chr 12 part 10 with 200000 gRNAs
--processed chr 12 part 11 with 200000 gRNAs
--processed chr 12 part 12 with 200000 gRNAs
--processed chr 12 part 13 with 200000 gRNAs
--processed chr 12 part 14 with 200000 gRNAs
--processed chr 12 part 15 with 200000 gRNAs
--processed chr 12 part 16 with 200000 gRNAs
--processed chr 12 part 17 with 200000 gRNAs
--processed chr 12 part 18 with 200000 gRNAs
--processed chr 12 part 19 with 200000 gRNAs
--processed chr 12 part 20 with 200000 gRNAs
--processed chr 12 part 21 with 200000 gRNAs
--processed chr 12 part 22 with 200000 gRNAs
--processed chr 12 part 23 with 200000 gRNAs
--processed chr 12 part 24 with 200000 gRNAs
--processed chr 12 part 25 with 200000 gRNAs
--processed chr 12 part 26 with 200000 gRNAs
--processed chr 12 part 27 with 200000 gRNAs
--processed chr 12 part 28 with 200000 gRNAs
--processed chr 12 part 29 with 200000 gRNAs
--processed chr 12 part 30 with 200000 gRNAs
--processed chr 12 part 31 with 200000 gRNAs
--processed chr 12 part 32 with 200000 gRNAs
--processed chr 12 part 33 with 200000 gRNAs
--processed chr 12 part 34 with 200000 gRNAs
--processed chr 12 part 35 with 200000 gRNAs
--processed chr 12 part 36 with 200000 gRNAs
--processed chr 12 part 37 with 200000 gRNAs
--processed chr 12 part 38 with 200000 gRNAs
--processed chr 12 part 39 with 200000 gRNAs
--processed chr 12 part 40 with 200000 gRNAs
--processed chr 12 part 41 with 200000 gRNAs
--processed chr 12 part 42 with 200000 gRNAs
--processed chr 12 part 43 with 200000 gRNAs
--processed chr 12 part 44 with 200000 gRNAs
--processed chr 12 part 45 with 200000 gRNAs
--processed chr 12 part 46 with 200000 gRNAs
--processed chr 12 part 47 with 200000 gRNAs
--processed chr 12 part 48 with 200000 gRNAs
--processed chr 12 part 49 with 200000 gRNAs
--processed chr 12 part 50 with 200000 gRNAs
--processed chr 12 part 51 with 200000 gRNAs
--processed chr 12 part 52 with 200000 gRNAs
--processed chr 12 part 53 with 200000 gRNAs
--processed chr 12 part 54 with 200000 gRNAs
--processed chr 12 part 55 with 200000 gRNAs
--processed chr 12 part 56 with 200000 gRNAs
--processed chr 12 part 57 with 200000 gRNAs
--processed chr 12 part 58 with 200000 gRNAs
--processed chr 12 part 59 with 200000 gRNAs
--processed chr 12 part 60 with 200000 gRNAs
--processed chr 12 part 61 with 200000 gRNAs
--processed chr 12 part 62 with 200000 gRNAs
--processed chr 12 part 63 with 200000 gRNAs
--processed chr 12 part 64 with 200000 gRNAs
--processed chr 12 part 65 with 200000 gRNAs
--processed chr 12 part 66 with 200000 gRNAs
--processed chr 12 part 67 with 200000 gRNAs
--processed chr 12 part 68 with 101730 gRNAs
processing chr 13 with 8915397 gRNAs
--processed chr 13 part 0 with 200000 gRNAs
--processed chr 13 part 1 with 200000 gRNAs
--processed chr 13 part 2 with 200000 gRNAs
--processed chr 13 part 3 with 200000 gRNAs
--processed chr 13 part 4 with 200000 gRNAs
--processed chr 13 part 5 with 200000 gRNAs
--processed chr 13 part 6 with 200000 gRNAs
--processed chr 13 part 7 with 200000 gRNAs
--processed chr 13 part 8 with 200000 gRNAs
--processed chr 13 part 9 with 200000 gRNAs
--processed chr 13 part 10 with 200000 gRNAs
--processed chr 13 part 11 with 200000 gRNAs
--processed chr 13 part 12 with 200000 gRNAs
--processed chr 13 part 13 with 200000 gRNAs
--processed chr 13 part 14 with 200000 gRNAs
--processed chr 13 part 15 with 200000 gRNAs
--processed chr 13 part 16 with 200000 gRNAs
--processed chr 13 part 17 with 200000 gRNAs
--processed chr 13 part 18 with 200000 gRNAs
--processed chr 13 part 19 with 200000 gRNAs
--processed chr 13 part 20 with 200000 gRNAs
--processed chr 13 part 21 with 200000 gRNAs
--processed chr 13 part 22 with 200000 gRNAs
--processed chr 13 part 23 with 200000 gRNAs
[[1mmap_gRNA[0m][[1;37mINFO[0m]  bin_size=250kb, finished in 8.05 min, processed 25 chromosomes, 303292088 gRNAs 
[[1mmap_gRNA[0m][[1;37mINFO[0m]  bin_size=500kb, finished in 8.05 min, processed 25 chromosomes, 303292088 gRNAs 
--processed chr 13 part 24 with 200000 gRNAs
--processed chr 13 part 25 with 200000 gRNAs
--processed chr 13 part 26 with 200000 gRNAs
--processed chr 13 part 27 with 200000 gRNAs
--processed chr 13 part 28 with 200000 gRNAs
--processed chr 13 part 29 with 200000 gRNAs
--processed chr 13 part 30 with 200000 gRNAs
--processed chr 13 part 31 with 200000 gRNAs
--processed chr 13 part 32 with 200000 gRNAs
--processed chr 13 part 33 with 200000 gRNAs
--processed chr 13 part 34 with 200000 gRNAs
--processed chr 13 part 35 with 200000 gRNAs
--processed chr 13 part 36 with 200000 gRNAs
--processed chr 13 part 37 with 200000 gRNAs
--processed chr 13 part 38 with 200000 gRNAs
--processed chr 13 part 39 with 200000 gRNAs
--processed chr 13 part 40 with 200000 gRNAs
--processed chr 13 part 41 with 200000 gRNAs
--processed chr 13 part 42 with 200000 gRNAs
--processed chr 13 part 43 with 200000 gRNAs
--processed chr 13 part 44 with 115397 gRNAs
processing chr 14 with 9359748 gRNAs
--processed chr 14 part 0 with 200000 gRNAs
--processed chr 14 part 1 with 200000 gRNAs
--processed chr 14 part 2 with 200000 gRNAs
--processed chr 14 part 3 with 200000 gRNAs
--processed chr 14 part 4 with 200000 gRNAs
--processed chr 14 part 5 with 200000 gRNAs
--processed chr 14 part 6 with 200000 gRNAs
--processed chr 14 part 7 with 200000 gRNAs
--processed chr 14 part 8 with 200000 gRNAs
--processed chr 14 part 9 with 200000 gRNAs
--processed chr 14 part 10 with 200000 gRNAs
--processed chr 14 part 11 with 200000 gRNAs
--processed chr 14 part 12 with 200000 gRNAs
--processed chr 14 part 13 with 200000 gRNAs
--processed chr 14 part 14 with 200000 gRNAs
--processed chr 14 part 15 with 200000 gRNAs
--processed chr 14 part 16 with 200000 gRNAs
--processed chr 14 part 17 with 200000 gRNAs
--processed chr 14 part 18 with 200000 gRNAs
--processed chr 14 part 19 with 200000 gRNAs
--processed chr 14 part 20 with 200000 gRNAs
--processed chr 14 part 21 with 200000 gRNAs
--processed chr 14 part 22 with 200000 gRNAs
--processed chr 14 part 23 with 200000 gRNAs
--processed chr 14 part 24 with 200000 gRNAs
--processed chr 14 part 25 with 200000 gRNAs
--processed chr 14 part 26 with 200000 gRNAs
--processed chr 14 part 27 with 200000 gRNAs
--processed chr 14 part 28 with 200000 gRNAs
--processed chr 14 part 29 with 200000 gRNAs
--processed chr 14 part 30 with 200000 gRNAs
--processed chr 14 part 31 with 200000 gRNAs
--processed chr 14 part 32 with 200000 gRNAs
--processed chr 14 part 33 with 200000 gRNAs
--processed chr 14 part 34 with 200000 gRNAs
--processed chr 14 part 35 with 200000 gRNAs
--processed chr 14 part 36 with 200000 gRNAs
--processed chr 14 part 37 with 200000 gRNAs
--processed chr 14 part 38 with 200000 gRNAs
--processed chr 14 part 39 with 200000 gRNAs
--processed chr 14 part 40 with 200000 gRNAs
--processed chr 14 part 41 with 200000 gRNAs
--processed chr 14 part 42 with 200000 gRNAs
--processed chr 14 part 43 with 200000 gRNAs
--processed chr 14 part 44 with 200000 gRNAs
--processed chr 14 part 45 with 200000 gRNAs
--processed chr 14 part 46 with 159748 gRNAs
processing chr 15 with 9229439 gRNAs
--processed chr 15 part 0 with 200000 gRNAs
--processed chr 15 part 1 with 200000 gRNAs
--processed chr 15 part 2 with 200000 gRNAs
--processed chr 15 part 3 with 200000 gRNAs
--processed chr 15 part 4 with 200000 gRNAs
--processed chr 15 part 5 with 200000 gRNAs
--processed chr 15 part 6 with 200000 gRNAs
--processed chr 15 part 7 with 200000 gRNAs
--processed chr 15 part 8 with 200000 gRNAs
--processed chr 15 part 9 with 200000 gRNAs
--processed chr 15 part 10 with 200000 gRNAs
--processed chr 15 part 11 with 200000 gRNAs
--processed chr 15 part 12 with 200000 gRNAs
--processed chr 15 part 13 with 200000 gRNAs
--processed chr 15 part 14 with 200000 gRNAs
--processed chr 15 part 15 with 200000 gRNAs
--processed chr 15 part 16 with 200000 gRNAs
--processed chr 15 part 17 with 200000 gRNAs
--processed chr 15 part 18 with 200000 gRNAs
--processed chr 15 part 19 with 200000 gRNAs
--processed chr 15 part 20 with 200000 gRNAs
--processed chr 15 part 21 with 200000 gRNAs
--processed chr 15 part 22 with 200000 gRNAs
--processed chr 15 part 23 with 200000 gRNAs
--processed chr 15 part 24 with 200000 gRNAs
--processed chr 15 part 25 with 200000 gRNAs
--processed chr 15 part 26 with 200000 gRNAs
--processed chr 15 part 27 with 200000 gRNAs
--processed chr 15 part 28 with 200000 gRNAs
--processed chr 15 part 29 with 200000 gRNAs
--processed chr 15 part 30 with 200000 gRNAs
--processed chr 15 part 31 with 200000 gRNAs
--processed chr 15 part 32 with 200000 gRNAs
--processed chr 15 part 33 with 200000 gRNAs
--processed chr 15 part 34 with 200000 gRNAs
--processed chr 15 part 35 with 200000 gRNAs
--processed chr 15 part 36 with 200000 gRNAs
--processed chr 15 part 37 with 200000 gRNAs
--processed chr 15 part 38 with 200000 gRNAs
--processed chr 15 part 39 with 200000 gRNAs
--processed chr 15 part 40 with 200000 gRNAs
--processed chr 15 part 41 with 200000 gRNAs
--processed chr 15 part 42 with 200000 gRNAs
--processed chr 15 part 43 with 200000 gRNAs
--processed chr 15 part 44 with 200000 gRNAs
--processed chr 15 part 45 with 200000 gRNAs
--processed chr 15 part 46 with 29439 gRNAs
processing chr 16 with 10002903 gRNAs
--processed chr 16 part 0 with 200000 gRNAs
--processed chr 16 part 1 with 200000 gRNAs
--processed chr 16 part 2 with 200000 gRNAs
--processed chr 16 part 3 with 200000 gRNAs
--processed chr 16 part 4 with 200000 gRNAs
--processed chr 16 part 5 with 200000 gRNAs
--processed chr 16 part 6 with 200000 gRNAs
--processed chr 16 part 7 with 200000 gRNAs
--processed chr 16 part 8 with 200000 gRNAs
--processed chr 16 part 9 with 200000 gRNAs
--processed chr 16 part 10 with 200000 gRNAs
--processed chr 16 part 11 with 200000 gRNAs
--processed chr 16 part 12 with 200000 gRNAs
--processed chr 16 part 13 with 200000 gRNAs
--processed chr 16 part 14 with 200000 gRNAs
--processed chr 16 part 15 with 200000 gRNAs
--processed chr 16 part 16 with 200000 gRNAs
--processed chr 16 part 17 with 200000 gRNAs
--processed chr 16 part 18 with 200000 gRNAs
--processed chr 16 part 19 with 200000 gRNAs
--processed chr 16 part 20 with 200000 gRNAs
--processed chr 16 part 21 with 200000 gRNAs
--processed chr 16 part 22 with 200000 gRNAs
--processed chr 16 part 23 with 200000 gRNAs
--processed chr 16 part 24 with 200000 gRNAs
--processed chr 16 part 25 with 200000 gRNAs
--processed chr 16 part 26 with 200000 gRNAs
--processed chr 16 part 27 with 200000 gRNAs
--processed chr 16 part 28 with 200000 gRNAs
--processed chr 16 part 29 with 200000 gRNAs
--processed chr 16 part 30 with 200000 gRNAs
--processed chr 16 part 31 with 200000 gRNAs
--processed chr 16 part 32 with 200000 gRNAs
--processed chr 16 part 33 with 200000 gRNAs
--processed chr 16 part 34 with 200000 gRNAs
--processed chr 16 part 35 with 200000 gRNAs
--processed chr 16 part 36 with 200000 gRNAs
--processed chr 16 part 37 with 200000 gRNAs
--processed chr 16 part 38 with 200000 gRNAs
--processed chr 16 part 39 with 200000 gRNAs
--processed chr 16 part 40 with 200000 gRNAs
--processed chr 16 part 41 with 200000 gRNAs
--processed chr 16 part 42 with 200000 gRNAs
--processed chr 16 part 43 with 200000 gRNAs
--processed chr 16 part 44 with 200000 gRNAs
--processed chr 16 part 45 with 200000 gRNAs
--processed chr 16 part 46 with 200000 gRNAs
--processed chr 16 part 47 with 200000 gRNAs
--processed chr 16 part 48 with 200000 gRNAs
--processed chr 16 part 49 with 200000 gRNAs
--processed chr 16 part 50 with 2903 gRNAs
processing chr 17 with 10496051 gRNAs
--processed chr 17 part 0 with 200000 gRNAs
--processed chr 17 part 1 with 200000 gRNAs
--processed chr 17 part 2 with 200000 gRNAs
--processed chr 17 part 3 with 200000 gRNAs
--processed chr 17 part 4 with 200000 gRNAs
--processed chr 17 part 5 with 200000 gRNAs
--processed chr 17 part 6 with 200000 gRNAs
--processed chr 17 part 7 with 200000 gRNAs
--processed chr 17 part 8 with 200000 gRNAs
--processed chr 17 part 9 with 200000 gRNAs
--processed chr 17 part 10 with 200000 gRNAs
--processed chr 17 part 11 with 200000 gRNAs
--processed chr 17 part 12 with 200000 gRNAs
[[1mmap_gRNA[0m][[1;37mINFO[0m]  bin_size=1000kb, finished in 8.07 min, processed 25 chromosomes, 303292088 gRNAs 
bin_size=25kb
bin_size=25kb, finished in 8.10 min, processed 25 chromosomes, 303292088 gRNAs
bin_size=50kb
bin_size=50kb, finished in 8.05 min, processed 25 chromosomes, 303292088 gRNAs
bin_size=100kb
bin_size=100kb, finished in 8.07 min, processed 25 chromosomes, 303292088 gRNAs
bin_size=250kb
bin_size=250kb, finished in 8.05 min, processed 25 chromosomes, 303292088 gRNAs
bin_size=500kb
bin_size=500kb, finished in 8.05 min, processed 25 chromosomes, 303292088 gRNAs
bin_size=1000kb
bin_size=1000kb, finished in 8.07 min, processed 25 chromosomes, 303292088 gRNAs
--processed chr 17 part 13 with 200000 gRNAs
--processed chr 17 part 14 with 200000 gRNAs
--processed chr 17 part 15 with 200000 gRNAs
--processed chr 17 part 16 with 200000 gRNAs
--processed chr 17 part 17 with 200000 gRNAs
--processed chr 17 part 18 with 200000 gRNAs
--processed chr 17 part 19 with 200000 gRNAs
--processed chr 17 part 20 with 200000 gRNAs
--processed chr 17 part 21 with 200000 gRNAs
--processed chr 17 part 22 with 200000 gRNAs
--processed chr 17 part 23 with 200000 gRNAs
--processed chr 17 part 24 with 200000 gRNAs
--processed chr 17 part 25 with 200000 gRNAs
--processed chr 17 part 26 with 200000 gRNAs
--processed chr 17 part 27 with 200000 gRNAs
--processed chr 17 part 28 with 200000 gRNAs
--processed chr 17 part 29 with 200000 gRNAs
--processed chr 17 part 30 with 200000 gRNAs
--processed chr 17 part 31 with 200000 gRNAs
--processed chr 17 part 32 with 200000 gRNAs
--processed chr 17 part 33 with 200000 gRNAs
--processed chr 17 part 34 with 200000 gRNAs
--processed chr 17 part 35 with 200000 gRNAs
--processed chr 17 part 36 with 200000 gRNAs
--processed chr 17 part 37 with 200000 gRNAs
--processed chr 17 part 38 with 200000 gRNAs
--processed chr 17 part 39 with 200000 gRNAs
--processed chr 17 part 40 with 200000 gRNAs
--processed chr 17 part 41 with 200000 gRNAs
--processed chr 17 part 42 with 200000 gRNAs
--processed chr 17 part 43 with 200000 gRNAs
--processed chr 17 part 44 with 200000 gRNAs
--processed chr 17 part 45 with 200000 gRNAs
--processed chr 17 part 46 with 200000 gRNAs
--processed chr 17 part 47 with 200000 gRNAs
--processed chr 17 part 48 with 200000 gRNAs
--processed chr 17 part 49 with 200000 gRNAs
--processed chr 17 part 50 with 200000 gRNAs
--processed chr 17 part 51 with 200000 gRNAs
--processed chr 17 part 52 with 96051 gRNAs
processing chr 18 with 7680966 gRNAs
--processed chr 18 part 0 with 200000 gRNAs
--processed chr 18 part 1 with 200000 gRNAs
--processed chr 18 part 2 with 200000 gRNAs
--processed chr 18 part 3 with 200000 gRNAs
--processed chr 18 part 4 with 200000 gRNAs
--processed chr 18 part 5 with 200000 gRNAs
--processed chr 18 part 6 with 200000 gRNAs
--processed chr 18 part 7 with 200000 gRNAs
--processed chr 18 part 8 with 200000 gRNAs
--processed chr 18 part 9 with 200000 gRNAs
--processed chr 18 part 10 with 200000 gRNAs
--processed chr 18 part 11 with 200000 gRNAs
--processed chr 18 part 12 with 200000 gRNAs
--processed chr 18 part 13 with 200000 gRNAs
--processed chr 18 part 14 with 200000 gRNAs
--processed chr 18 part 15 with 200000 gRNAs
--processed chr 18 part 16 with 200000 gRNAs
--processed chr 18 part 17 with 200000 gRNAs
--processed chr 18 part 18 with 200000 gRNAs
--processed chr 18 part 19 with 200000 gRNAs
--processed chr 18 part 20 with 200000 gRNAs
--processed chr 18 part 21 with 200000 gRNAs
--processed chr 18 part 22 with 200000 gRNAs
--processed chr 18 part 23 with 200000 gRNAs
--processed chr 18 part 24 with 200000 gRNAs
--processed chr 18 part 25 with 200000 gRNAs
--processed chr 18 part 26 with 200000 gRNAs
--processed chr 18 part 27 with 200000 gRNAs
--processed chr 18 part 28 with 200000 gRNAs
--processed chr 18 part 29 with 200000 gRNAs
--processed chr 18 part 30 with 200000 gRNAs
--processed chr 18 part 31 with 200000 gRNAs
--processed chr 18 part 32 with 200000 gRNAs
--processed chr 18 part 33 with 200000 gRNAs
--processed chr 18 part 34 with 200000 gRNAs
--processed chr 18 part 35 with 200000 gRNAs
--processed chr 18 part 36 with 200000 gRNAs
--processed chr 18 part 37 with 200000 gRNAs
--processed chr 18 part 38 with 80966 gRNAs
processing chr 19 with 8248882 gRNAs
--processed chr 19 part 0 with 200000 gRNAs
--processed chr 19 part 1 with 200000 gRNAs
--processed chr 19 part 2 with 200000 gRNAs
--processed chr 19 part 3 with 200000 gRNAs
--processed chr 19 part 4 with 200000 gRNAs
--processed chr 19 part 5 with 200000 gRNAs
--processed chr 19 part 6 with 200000 gRNAs
--processed chr 19 part 7 with 200000 gRNAs
--processed chr 19 part 8 with 200000 gRNAs
--processed chr 19 part 9 with 200000 gRNAs
--processed chr 19 part 10 with 200000 gRNAs
--processed chr 19 part 11 with 200000 gRNAs
--processed chr 19 part 12 with 200000 gRNAs
--processed chr 19 part 13 with 200000 gRNAs
--processed chr 19 part 14 with 200000 gRNAs
--processed chr 19 part 15 with 200000 gRNAs
--processed chr 19 part 16 with 200000 gRNAs
--processed chr 19 part 17 with 200000 gRNAs
--processed chr 19 part 18 with 200000 gRNAs
--processed chr 19 part 19 with 200000 gRNAs
--processed chr 19 part 20 with 200000 gRNAs
--processed chr 19 part 21 with 200000 gRNAs
--processed chr 19 part 22 with 200000 gRNAs
--processed chr 19 part 23 with 200000 gRNAs
--processed chr 19 part 24 with 200000 gRNAs
--processed chr 19 part 25 with 200000 gRNAs
--processed chr 19 part 26 with 200000 gRNAs
--processed chr 19 part 27 with 200000 gRNAs
--processed chr 19 part 28 with 200000 gRNAs
--processed chr 19 part 29 with 200000 gRNAs
--processed chr 19 part 30 with 200000 gRNAs
--processed chr 19 part 31 with 200000 gRNAs
--processed chr 19 part 32 with 200000 gRNAs
--processed chr 19 part 33 with 200000 gRNAs
--processed chr 19 part 34 with 200000 gRNAs
--processed chr 19 part 35 with 200000 gRNAs
--processed chr 19 part 36 with 200000 gRNAs
--processed chr 19 part 37 with 200000 gRNAs
--processed chr 19 part 38 with 200000 gRNAs
--processed chr 19 part 39 with 200000 gRNAs
--processed chr 19 part 40 with 200000 gRNAs
--processed chr 19 part 41 with 48882 gRNAs
processing chr 2 with 24131036 gRNAs
--processed chr 2 part 0 with 200000 gRNAs
--processed chr 2 part 1 with 200000 gRNAs
--processed chr 2 part 2 with 200000 gRNAs
--processed chr 2 part 3 with 200000 gRNAs
--processed chr 2 part 4 with 200000 gRNAs
--processed chr 2 part 5 with 200000 gRNAs
--processed chr 2 part 6 with 200000 gRNAs
--processed chr 2 part 7 with 200000 gRNAs
--processed chr 2 part 8 with 200000 gRNAs
--processed chr 2 part 9 with 200000 gRNAs
--processed chr 2 part 10 with 200000 gRNAs
--processed chr 2 part 11 with 200000 gRNAs
--processed chr 2 part 12 with 200000 gRNAs
--processed chr 2 part 13 with 200000 gRNAs
--processed chr 2 part 14 with 200000 gRNAs
--processed chr 2 part 15 with 200000 gRNAs
--processed chr 2 part 16 with 200000 gRNAs
--processed chr 2 part 17 with 200000 gRNAs
--processed chr 2 part 18 with 200000 gRNAs
--processed chr 2 part 19 with 200000 gRNAs
--processed chr 2 part 20 with 200000 gRNAs
--processed chr 2 part 21 with 200000 gRNAs
--processed chr 2 part 22 with 200000 gRNAs
--processed chr 2 part 23 with 200000 gRNAs
--processed chr 2 part 24 with 200000 gRNAs
--processed chr 2 part 25 with 200000 gRNAs
--processed chr 2 part 26 with 200000 gRNAs
--processed chr 2 part 27 with 200000 gRNAs
--processed chr 2 part 28 with 200000 gRNAs
--processed chr 2 part 29 with 200000 gRNAs
--processed chr 2 part 30 with 200000 gRNAs
--processed chr 2 part 31 with 200000 gRNAs
--processed chr 2 part 32 with 200000 gRNAs
--processed chr 2 part 33 with 200000 gRNAs
--processed chr 2 part 34 with 200000 gRNAs
--processed chr 2 part 35 with 200000 gRNAs
--processed chr 2 part 36 with 200000 gRNAs
--processed chr 2 part 37 with 200000 gRNAs
--processed chr 2 part 38 with 200000 gRNAs
--processed chr 2 part 39 with 200000 gRNAs
--processed chr 2 part 40 with 200000 gRNAs
--processed chr 2 part 41 with 200000 gRNAs
--processed chr 2 part 42 with 200000 gRNAs
--processed chr 2 part 43 with 200000 gRNAs
--processed chr 2 part 44 with 200000 gRNAs
--processed chr 2 part 45 with 200000 gRNAs
--processed chr 2 part 46 with 200000 gRNAs
--processed chr 2 part 47 with 200000 gRNAs
--processed chr 2 part 48 with 200000 gRNAs
--processed chr 2 part 49 with 200000 gRNAs
--processed chr 2 part 50 with 200000 gRNAs
--processed chr 2 part 51 with 200000 gRNAs
--processed chr 2 part 52 with 200000 gRNAs
--processed chr 2 part 53 with 200000 gRNAs
--processed chr 2 part 54 with 200000 gRNAs
--processed chr 2 part 55 with 200000 gRNAs
--processed chr 2 part 56 with 200000 gRNAs
--processed chr 2 part 57 with 200000 gRNAs
--processed chr 2 part 58 with 200000 gRNAs
--processed chr 2 part 59 with 200000 gRNAs
